1.4349 	WARNING 	We strongly recommend you activate the PTB sound engine in PsychoPy prefs as the preferred audio engine. Its timing is vastly superior. Your prefs are currently set to use ['sounddevice', 'PTB', 'pyo', 'pygame'] (in that order).
10.0541 	WARNING 	User requested fullscreen with size [1024  768], but screen is actually [1280, 800]. Using actual size
10.9180 	EXP 	Created window1 = Window(allowGUI=False, allowStencil=False, args=UNKNOWN, autoLog=True, bitsMode=UNKNOWN, blendMode='avg', bpc=(8, 8, 8), color=array([0., 0., 0.]), colorSpace='rgb', depthBits=8, fullscr=<method-wrapper '__getattribute__' of attributeSetter object at 0x116c288d0>, gamma=None, gammaErrorPolicy='raise', kwargs=UNKNOWN, lms=UNKNOWN, monitor=<psychopy.monitors.calibTools.Monitor object at 0x116c74c18>, multiSample=False, name='window1', numSamples=2, pos=[0.0, 0.0], screen=0, size=array([1280,  800]), stencilBits=0, stereo=False, units='height', useFBO=True, useRetina=False, viewOri=0.0, viewPos=None, viewScale=None, waitBlanking=True, winType='pyglet')
10.9181 	EXP 	window1: recordFrameIntervals = False
11.0832 	EXP 	window1: recordFrameIntervals = True
11.2673 	EXP 	window1: recordFrameIntervals = False
11.4919 	EXP 	Created text_1 = TextStim(__class__=<class 'psychopy.visual.text.TextStim'>, alignHoriz=method-wrapper(...), alignText='center', alignVert=method-wrapper(...), anchorHoriz='center', anchorVert='center', antialias=True, autoLog=True, bold=False, color='white', colorSpace='named', contrast=1.0, depth=0.0, flipHoriz=False, flipVert=False, font='Arial', fontFiles=[], height=0.05, italic=False, languageStyle='LTR', name='text_1', opacity=1.0, ori=0, pos=array([0., 0.]), rgb=array([255., 255., 255.]), text=str(...), units='height', win=Window(...), wrapWidth=1)
11.6335 	EXP 	Created text_2 = TextStim(__class__=<class 'psychopy.visual.text.TextStim'>, alignHoriz=method-wrapper(...), alignText='center', alignVert=method-wrapper(...), anchorHoriz='center', anchorVert='center', antialias=True, autoLog=True, bold=False, color='white', colorSpace='named', contrast=1.0, depth=-1.0, flipHoriz=False, flipVert=False, font='Arial', fontFiles=[], height=0.05, italic=False, languageStyle='LTR', name='text_2', opacity=1.0, ori=0, pos=array([0., 0.]), rgb=array([255., 255., 255.]), text=str(...), units='height', win=Window(...), wrapWidth=1)
11.6663 	EXP 	Created text_3 = TextStim(__class__=<class 'psychopy.visual.text.TextStim'>, alignHoriz=method-wrapper(...), alignText='center', alignVert=method-wrapper(...), anchorHoriz='center', anchorVert='center', antialias=True, autoLog=True, bold=False, color='white', colorSpace='named', contrast=1.0, depth=0.0, flipHoriz=False, flipVert=False, font='Arial', fontFiles=[], height=0.05, italic=False, languageStyle='LTR', name='text_3', opacity=1.0, ori=0, pos=array([0., 0.]), rgb=array([255., 255., 255.]), text=str(...), units='height', win=Window(...), wrapWidth=1)
11.7364 	EXP 	Created text_4 = TextStim(__class__=<class 'psychopy.visual.text.TextStim'>, alignHoriz=method-wrapper(...), alignText='center', alignVert=method-wrapper(...), anchorHoriz='center', anchorVert='center', antialias=True, autoLog=True, bold=False, color='white', colorSpace='named', contrast=1.0, depth=0.0, flipHoriz=False, flipVert=False, font='Arial', fontFiles=[], height=0.05, italic=False, languageStyle='LTR', name='text_4', opacity=1.0, ori=0, pos=array([0., 0.]), rgb=array([255., 255., 255.]), text=str(...), units='height', win=Window(...), wrapWidth=1)
11.8015 	EXP 	Created trial_text = TextStim(__class__=<class 'psychopy.visual.text.TextStim'>, alignHoriz=method-wrapper(...), alignText='center', alignVert=method-wrapper(...), anchorHoriz='center', anchorVert='center', antialias=True, autoLog=True, bold=False, color='white', colorSpace='named', contrast=1.0, depth=0.0, flipHoriz=False, flipVert=False, font='Arial', fontFiles=[], height=0.1, italic=False, languageStyle='LTR', name='trial_text', opacity=1.0, ori=0, pos=array([0., 0.]), rgb=array([255., 255., 255.]), text='default text', units='height', win=Window(...), wrapWidth=1)
11.8620 	EXP 	Created text = TextStim(__class__=<class 'psychopy.visual.text.TextStim'>, alignHoriz=method-wrapper(...), alignText='center', alignVert=method-wrapper(...), anchorHoriz='center', anchorVert='center', antialias=True, autoLog=True, bold=False, color='white', colorSpace='named', contrast=1.0, depth=0.0, flipHoriz=False, flipVert=False, font='Arial', fontFiles=[], height=0.05, italic=False, languageStyle='LTR', name='text', opacity=1.0, ori=0, pos=array([0., 0.]), rgb=array([255., 255., 255.]), text=str(...), units='height', win=Window(...), wrapWidth=1)
11.8848 	EXP 	text_1: autoDraw = True
14.0004 	DATA 	Keypress: space
14.0225 	EXP 	text_1: autoDraw = False
14.0225 	EXP 	text_2: autoDraw = True
15.1323 	DATA 	Keypress: space
15.1585 	EXP 	text_2: autoDraw = False
15.1585 	EXP 	text_3: autoDraw = True
16.0846 	DATA 	Keypress: space
17.0035 	DATA 	Keypress: space
17.0123 	EXP 	text_3: autoDraw = False
17.0123 	EXP 	text_4: autoDraw = True
18.4455 	EXP 	Imported conditions.csv as conditions, 10 conditions, 1 params
18.4460 	EXP 	Created sequence: random, trialTypes=10, nReps=1, seed=None
18.4464 	EXP 	New trial (rep=0, index=0): OrderedDict([('stimFile', 'Rita')])
18.4542 	DATA 	Keypress: space
18.4655 	EXP 	text_4: autoDraw = False
18.4655 	EXP 	trial_text: text = 'Rita'
18.4655 	EXP 	trial_text: autoDraw = True
20.2402 	EXP 	New trial (rep=0, index=1): OrderedDict([('stimFile', 'Kasta')])
20.2529 	DATA 	Keypress: right
20.2695 	EXP 	trial_text: autoDraw = False
20.2695 	EXP 	trial_text: text = 'Kasta'
20.2695 	EXP 	trial_text: autoDraw = True
20.8915 	EXP 	New trial (rep=0, index=2): OrderedDict([('stimFile', 'Klippa')])
20.9010 	DATA 	Keypress: left
20.9209 	EXP 	trial_text: autoDraw = False
20.9209 	EXP 	trial_text: text = 'Klippa'
20.9209 	EXP 	trial_text: autoDraw = True
21.2085 	EXP 	New trial (rep=0, index=3): OrderedDict([('stimFile', 'Skriva')])
21.2208 	DATA 	Keypress: h
21.2383 	EXP 	trial_text: autoDraw = False
21.2383 	EXP 	trial_text: text = 'Skriva'
21.2383 	EXP 	trial_text: autoDraw = True
21.6593 	EXP 	New trial (rep=0, index=4): OrderedDict([('stimFile', 'Sopa (övre hand)')])
21.6759 	DATA 	Keypress: right
21.6893 	EXP 	trial_text: autoDraw = False
21.6893 	EXP 	trial_text: text = 'Sopa (övre hand)'
21.6893 	EXP 	trial_text: autoDraw = True
21.8434 	EXP 	New trial (rep=0, index=5): OrderedDict([('stimFile', 'Skära (med kniv)')])
21.8565 	DATA 	Keypress: v
21.8730 	EXP 	trial_text: autoDraw = False
21.8730 	EXP 	trial_text: text = 'Skära (med kniv)'
21.8730 	EXP 	trial_text: autoDraw = True
22.4609 	EXP 	New trial (rep=0, index=6): OrderedDict([('stimFile', 'Öppna en låda (tar av locket)')])
22.4755 	DATA 	Keypress: left
22.4910 	EXP 	trial_text: autoDraw = False
22.4910 	EXP 	trial_text: text = 'Öppna en låda (tar av locket)'
22.4910 	EXP 	trial_text: autoDraw = True
23.1784 	EXP 	New trial (rep=0, index=7): OrderedDict([('stimFile', 'Borsta tänderna')])
23.1887 	DATA 	Keypress: h
23.2091 	EXP 	trial_text: autoDraw = False
23.2091 	EXP 	trial_text: text = 'Borsta tänderna'
23.2091 	EXP 	trial_text: autoDraw = True
23.7805 	EXP 	New trial (rep=0, index=8): OrderedDict([('stimFile', 'Använda en sked')])
23.7928 	DATA 	Keypress: space
23.8105 	EXP 	trial_text: autoDraw = False
23.8105 	EXP 	trial_text: text = 'Använda en sked'
23.8105 	EXP 	trial_text: autoDraw = True
24.4651 	EXP 	New trial (rep=0, index=9): OrderedDict([('stimFile', 'Tända en tändsticka (håller i tändstickan)')])
24.4843 	DATA 	Keypress: space
24.4951 	EXP 	trial_text: autoDraw = False
24.4951 	EXP 	trial_text: text = 'Tända en tändsticka (håller i tändstickan)'
24.4951 	EXP 	trial_text: autoDraw = True
25.4362 	DATA 	Keypress: right
25.4640 	EXP 	trial_text: autoDraw = False
25.4640 	EXP 	text: autoDraw = True
29.4726 	EXP 	text: autoDraw = False
29.7546 	EXP 	window1: mouseVisible = True
