27.6011 	WARNING 	User requested fullscreen with size [1024  768], but screen is actually [1280, 800]. Using actual size
28.3610 	EXP 	Created window1 = Window(allowGUI=False, allowStencil=False, args=UNKNOWN, autoLog=True, bitsMode=UNKNOWN, blendMode='avg', color=array([0., 0., 0.]), colorSpace='rgb', fullscr=UNKNOWN, gamma=None, kwargs=UNKNOWN, lms=UNKNOWN, monitor=<psychopy.monitors.calibTools.Monitor object at 0x115420a50>, multiSample=False, name='window1', numSamples=2, pos=[0, 0], screen=0, size=array([1280,  800]), stereo=False, units='height', useFBO=True, useRetina=False, viewOri=0.0, viewPos=None, viewScale=None, waitBlanking=True, winType=u'pyglet')
28.3611 	EXP 	window1: recordFrameIntervals = False
28.5234 	EXP 	window1: recordFrameIntervals = True
28.7075 	EXP 	window1: recordFrameIntervals = False
29.0543 	EXP 	Created text_1 = TextStim(alignHoriz='center', alignVert='center', antialias=True, autoLog=True, bold=False, color='white', colorSpace='named', contrast=1.0, depth=0.0, flipHoriz=False, flipVert=False, font='Arial', fontFiles=[], height=0.05, italic=False, name='text_1', opacity=1.0, ori=0, pos=array([0., 0.]), rgb=array([255., 255., 255.]), text=newstr(...), units='height', win=Window(...), wrapWidth=1)
29.1906 	EXP 	Created text_2 = TextStim(alignHoriz='center', alignVert='center', antialias=True, autoLog=True, bold=False, color='white', colorSpace='named', contrast=1.0, depth=-1.0, flipHoriz=False, flipVert=False, font='Arial', fontFiles=[], height=0.05, italic=False, name='text_2', opacity=1.0, ori=0, pos=array([0., 0.]), rgb=array([255., 255., 255.]), text=newstr(...), units='height', win=Window(...), wrapWidth=1)
29.3830 	EXP 	Created text_3 = TextStim(alignHoriz='center', alignVert='center', antialias=True, autoLog=True, bold=False, color='white', colorSpace='named', contrast=1.0, depth=0.0, flipHoriz=False, flipVert=False, font='Arial', fontFiles=[], height=0.05, italic=False, name='text_3', opacity=1.0, ori=0, pos=array([0., 0.]), rgb=array([255., 255., 255.]), text=newstr(...), units='height', win=Window(...), wrapWidth=1)
29.5994 	EXP 	Created text_4 = TextStim(alignHoriz='center', alignVert='center', antialias=True, autoLog=True, bold=False, color='white', colorSpace='named', contrast=1.0, depth=0.0, flipHoriz=False, flipVert=False, font='Arial', fontFiles=[], height=0.05, italic=False, name='text_4', opacity=1.0, ori=0, pos=array([0., 0.]), rgb=array([255., 255., 255.]), text=newstr(...), units='height', win=Window(...), wrapWidth=1)
29.6159 	EXP 	Created trial_text = TextStim(alignHoriz='center', alignVert='center', antialias=True, autoLog=True, bold=False, color='white', colorSpace='named', contrast=1.0, depth=0.0, flipHoriz=False, flipVert=False, font='Arial', fontFiles=[], height=0.1, italic=False, name='trial_text', opacity=1.0, ori=0, pos=array([0., 0.]), rgb=array([255., 255., 255.]), text='default text', units='height', win=Window(...), wrapWidth=1)
29.6727 	EXP 	Created text = TextStim(alignHoriz='center', alignVert='center', antialias=True, autoLog=True, bold=False, color='white', colorSpace='named', contrast=1.0, depth=0.0, flipHoriz=False, flipVert=False, font='Arial', fontFiles=[], height=0.05, italic=False, name='text', opacity=1.0, ori=0, pos=array([0., 0.]), rgb=array([255., 255., 255.]), text=newstr(...), units='height', win=Window(...), wrapWidth=1)
29.6924 	EXP 	text_1: autoDraw = True
33.8419 	DATA 	Keypress: space
33.8508 	EXP 	text_1: autoDraw = False
33.8508 	EXP 	text_2: autoDraw = True
59.4772 	DATA 	Keypress: n
59.4885 	EXP 	text_2: autoDraw = False
59.4885 	EXP 	text_3: autoDraw = True
102.9530 	DATA 	Keypress: space
102.9641 	EXP 	text_3: autoDraw = False
102.9641 	EXP 	text_4: autoDraw = True
121.6749 	DATA 	Keypress: space
121.7076 	EXP 	Imported conditions.csv as conditions, 10 conditions, 1 params
121.7100 	EXP 	Created sequence: random, trialTypes=10, nReps=1, seed=None
121.7108 	EXP 	New trial (rep=0, index=0): OrderedDict([(u'stimFile', u'Kasta')])
121.7372 	EXP 	text_4: autoDraw = False
121.7372 	EXP 	trial_text: text = u'Kasta'
121.7372 	EXP 	trial_text: autoDraw = True
131.1969 	DATA 	Keypress: right
131.1999 	EXP 	New trial (rep=0, index=1): OrderedDict([(u'stimFile', u'Rita')])
131.2233 	EXP 	trial_text: autoDraw = False
131.2233 	EXP 	trial_text: text = u'Rita'
131.2233 	EXP 	trial_text: autoDraw = True
132.9657 	DATA 	Keypress: right
132.9673 	EXP 	New trial (rep=0, index=2): OrderedDict([(u'stimFile', u'Sk\xe4ra (med kniv)')])
133.0108 	EXP 	trial_text: autoDraw = False
133.0108 	EXP 	trial_text: text = u'Sk\xe4ra (med kniv)'
133.0108 	EXP 	trial_text: autoDraw = True
134.6518 	DATA 	Keypress: right
134.6534 	EXP 	New trial (rep=0, index=3): OrderedDict([(u'stimFile', u'Anv\xe4nda en sked')])
134.6812 	EXP 	trial_text: autoDraw = False
134.6812 	EXP 	trial_text: text = u'Anv\xe4nda en sked'
134.6812 	EXP 	trial_text: autoDraw = True
138.2609 	DATA 	Keypress: h
138.2630 	EXP 	New trial (rep=0, index=4): OrderedDict([(u'stimFile', u'Borsta t\xe4nderna')])
138.2885 	EXP 	trial_text: autoDraw = False
138.2885 	EXP 	trial_text: text = u'Borsta t\xe4nderna'
138.2885 	EXP 	trial_text: autoDraw = True
140.4318 	DATA 	Keypress: h
140.4337 	EXP 	New trial (rep=0, index=5): OrderedDict([(u'stimFile', u'Sopa (\xf6vre hand)')])
140.4769 	EXP 	trial_text: autoDraw = False
140.4769 	EXP 	trial_text: text = u'Sopa (\xf6vre hand)'
140.4769 	EXP 	trial_text: autoDraw = True
145.6757 	DATA 	Keypress: right
145.6775 	EXP 	New trial (rep=0, index=6): OrderedDict([(u'stimFile', u'Skriva')])
145.7046 	EXP 	trial_text: autoDraw = False
145.7046 	EXP 	trial_text: text = u'Skriva'
145.7046 	EXP 	trial_text: autoDraw = True
146.8618 	DATA 	Keypress: right
146.8635 	EXP 	New trial (rep=0, index=7): OrderedDict([(u'stimFile', u'T\xe4nda en t\xe4ndsticka (h\xe5ller i t\xe4ndstickan)')])
146.9239 	EXP 	trial_text: autoDraw = False
146.9239 	EXP 	trial_text: text = u'T\xe4nda en t\xe4ndsticka (h\xe5ller i t\xe4ndstickan)'
146.9239 	EXP 	trial_text: autoDraw = True
150.3218 	DATA 	Keypress: right
150.3336 	EXP 	New trial (rep=0, index=8): OrderedDict([(u'stimFile', u'Klippa')])
150.3645 	EXP 	trial_text: autoDraw = False
150.3645 	EXP 	trial_text: text = u'Klippa'
150.3645 	EXP 	trial_text: autoDraw = True
152.8584 	DATA 	Keypress: h
152.8603 	EXP 	New trial (rep=0, index=9): OrderedDict([(u'stimFile', u'\xd6ppna en l\xe5da (tar av locket)')])
152.9031 	EXP 	trial_text: autoDraw = False
152.9031 	EXP 	trial_text: text = u'\xd6ppna en l\xe5da (tar av locket)'
152.9031 	EXP 	trial_text: autoDraw = True
162.5946 	DATA 	Keypress: h
162.6070 	EXP 	trial_text: autoDraw = False
162.6070 	EXP 	text: autoDraw = True
166.9149 	EXP 	window1: mouseVisible = True
